Using pre-set license
Built from '2021.3/staging' branch; Version is '2021.3.2f1 (d6360bedb9a0) revision 14038539'; Using compiler version '192829333'; Build Type 'Release'
OS: 'Windows 10  (10.0.19045) 64bit Professional' Language: 'pt' Physical Memory: 16318 MB
BatchMode: 1, IsHumanControllingUs: 0, StartBugReporterOnCrash: 0, Is64bit: 1, IsPro: 1

COMMAND LINE ARGUMENTS:
C:\Program Files\Unity\Hub\Editor\2021.3.2f1\Editor\Unity.exe
-adb2
-batchMode
-noUpm
-name
AssetImportWorker0
-projectPath
F:/Users/vanesa/Documents/Jogos Digitais/_Wento/_TestesEntrevistas/BlueGravity/wentoboutique-main/Wento Boutique
-logFile
Logs/AssetImportWorker0.log
-srvPort
57958
Successfully changed project path to: F:/Users/vanesa/Documents/Jogos Digitais/_Wento/_TestesEntrevistas/BlueGravity/wentoboutique-main/Wento Boutique
F:/Users/vanesa/Documents/Jogos Digitais/_Wento/_TestesEntrevistas/BlueGravity/wentoboutique-main/Wento Boutique
[UnityMemory] Configuration Parameters - Can be set up in boot.config
    "memorysetup-bucket-allocator-granularity=16"
    "memorysetup-bucket-allocator-bucket-count=8"
    "memorysetup-bucket-allocator-block-size=33554432"
    "memorysetup-bucket-allocator-block-count=8"
    "memorysetup-main-allocator-block-size=16777216"
    "memorysetup-thread-allocator-block-size=16777216"
    "memorysetup-gfx-main-allocator-block-size=16777216"
    "memorysetup-gfx-thread-allocator-block-size=16777216"
    "memorysetup-cache-allocator-block-size=4194304"
    "memorysetup-typetree-allocator-block-size=2097152"
    "memorysetup-profiler-bucket-allocator-granularity=16"
    "memorysetup-profiler-bucket-allocator-bucket-count=8"
    "memorysetup-profiler-bucket-allocator-block-size=33554432"
    "memorysetup-profiler-bucket-allocator-block-count=8"
    "memorysetup-profiler-allocator-block-size=16777216"
    "memorysetup-profiler-editor-allocator-block-size=1048576"
    "memorysetup-temp-allocator-size-main=16777216"
    "memorysetup-job-temp-allocator-block-size=2097152"
    "memorysetup-job-temp-allocator-block-size-background=1048576"
    "memorysetup-job-temp-allocator-reduction-small-platforms=262144"
    "memorysetup-temp-allocator-size-background-worker=32768"
    "memorysetup-temp-allocator-size-job-worker=262144"
    "memorysetup-temp-allocator-size-preload-manager=33554432"
    "memorysetup-temp-allocator-size-nav-mesh-worker=65536"
    "memorysetup-temp-allocator-size-audio-worker=65536"
    "memorysetup-temp-allocator-size-cloud-worker=32768"
    "memorysetup-temp-allocator-size-gi-baking-worker=262144"
    "memorysetup-temp-allocator-size-gfx=262144"
Refreshing native plugins compatible for Editor in 93.60 ms, found 4 plugins.
Preloading 0 native plugins for Editor in 0.00 ms.
Initialize engine version: 2021.3.2f1 (d6360bedb9a0)
[Subsystems] Discovering subsystems at path C:/Program Files/Unity/Hub/Editor/2021.3.2f1/Editor/Data/Resources/UnitySubsystems
[Subsystems] Discovering subsystems at path F:/Users/vanesa/Documents/Jogos Digitais/_Wento/_TestesEntrevistas/BlueGravity/wentoboutique-main/Wento Boutique/Assets
GfxDevice: creating device client; threaded=0; jobified=0
Direct3D:
    Version:  Direct3D 11.0 [level 11.0]
    Renderer: NVIDIA GeForce GTX 770 (ID=0x1184)
    Vendor:   NVIDIA
    VRAM:     2007 MB
    Driver:   30.0.14.7430
Initialize mono
Mono path[0] = 'C:/Program Files/Unity/Hub/Editor/2021.3.2f1/Editor/Data/Managed'
Mono path[1] = 'C:/Program Files/Unity/Hub/Editor/2021.3.2f1/Editor/Data/MonoBleedingEdge/lib/mono/unityjit-win32'
Mono config path = 'C:/Program Files/Unity/Hub/Editor/2021.3.2f1/Editor/Data/MonoBleedingEdge/etc'
Using monoOptions --debugger-agent=transport=dt_socket,embedding=1,server=y,suspend=n,address=127.0.0.1:56940
Begin MonoManager ReloadAssembly
Registering precompiled unity dll's ...
Register platform support module: C:/Program Files/Unity/Hub/Editor/2021.3.2f1/Editor/Data/PlaybackEngines/AndroidPlayer/UnityEditor.Android.Extensions.dll
Register platform support module: C:/Program Files/Unity/Hub/Editor/2021.3.2f1/Editor/Data/PlaybackEngines/iOSSupport/UnityEditor.iOS.Extensions.dll
Register platform support module: C:/Program Files/Unity/Hub/Editor/2021.3.2f1/Editor/Data/PlaybackEngines/WindowsStandaloneSupport/UnityEditor.WindowsStandalone.Extensions.dll
Registered in 0.008464 seconds.
Native extension for WindowsStandalone target not found
[usbmuxd] Start listen thread
[usbmuxd] Listen thread started
Native extension for iOS target not found
Native extension for Android target not found
Refreshing native plugins compatible for Editor in 94.65 ms, found 4 plugins.
Preloading 0 native plugins for Editor in 0.00 ms.
Mono: successfully reloaded assembly
- Completed reload, in  0.653 seconds
Domain Reload Profiling:
	ReloadAssembly (653ms)
		BeginReloadAssembly (64ms)
			ExecutionOrderSort (0ms)
			DisableScriptedObjects (0ms)
			BackupInstance (0ms)
			ReleaseScriptingObjects (0ms)
			CreateAndSetChildDomain (1ms)
		EndReloadAssembly (487ms)
			LoadAssemblies (63ms)
			RebuildTransferFunctionScriptingTraits (0ms)
			SetupTypeCache (129ms)
			ReleaseScriptCaches (0ms)
			RebuildScriptCaches (25ms)
			SetupLoadedEditorAssemblies (287ms)
				LogAssemblyErrors (0ms)
				InitializePlatformSupportModulesInManaged (58ms)
				SetLoadedEditorAssemblies (0ms)
				RefreshPlugins (95ms)
				BeforeProcessingInitializeOnLoad (1ms)
				ProcessInitializeOnLoadAttributes (91ms)
				ProcessInitializeOnLoadMethodAttributes (41ms)
				AfterProcessingInitializeOnLoad (0ms)
				EditorAssembliesLoaded (0ms)
			ExecutionOrderSort2 (0ms)
			AwakeInstancesAfterBackupRestoration (0ms)
Platform modules already initialized, skipping
Registering precompiled user dll's ...
Registered in 0.005331 seconds.
Begin MonoManager ReloadAssembly
Symbol file LoadedFromMemory doesn't match image F:\Users\vanesa\Documents\Jogos Digitais\_Wento\_TestesEntrevistas\BlueGravity\wentoboutique-main\Wento Boutique\Library\PackageCache\com.unity.visualscripting@1.7.6\Editor\VisualScripting.Core\Dependencies\YamlDotNet\Unity.VisualScripting.YamlDotNet.dll
Symbol file LoadedFromMemory doesn't match image F:\Users\vanesa\Documents\Jogos Digitais\_Wento\_TestesEntrevistas\BlueGravity\wentoboutique-main\Wento Boutique\Library\PackageCache\com.unity.visualscripting@1.7.6\Editor\VisualScripting.Core\Dependencies\DotNetZip\Unity.VisualScripting.IonicZip.dll
Native extension for WindowsStandalone target not found
Native extension for iOS target not found
Native extension for Android target not found
Refreshing native plugins compatible for Editor in 97.20 ms, found 4 plugins.
Preloading 0 native plugins for Editor in 0.00 ms.
Mono: successfully reloaded assembly
- Completed reload, in  1.215 seconds
Domain Reload Profiling:
	ReloadAssembly (1215ms)
		BeginReloadAssembly (215ms)
			ExecutionOrderSort (0ms)
			DisableScriptedObjects (5ms)
			BackupInstance (0ms)
			ReleaseScriptingObjects (0ms)
			CreateAndSetChildDomain (136ms)
		EndReloadAssembly (899ms)
			LoadAssemblies (74ms)
			RebuildTransferFunctionScriptingTraits (0ms)
			SetupTypeCache (213ms)
			ReleaseScriptCaches (1ms)
			RebuildScriptCaches (53ms)
			SetupLoadedEditorAssemblies (518ms)
				LogAssemblyErrors (0ms)
				InitializePlatformSupportModulesInManaged (22ms)
				SetLoadedEditorAssemblies (0ms)
				RefreshPlugins (97ms)
				BeforeProcessingInitializeOnLoad (93ms)
				ProcessInitializeOnLoadAttributes (260ms)
				ProcessInitializeOnLoadMethodAttributes (37ms)
				AfterProcessingInitializeOnLoad (8ms)
				EditorAssembliesLoaded (0ms)
			ExecutionOrderSort2 (0ms)
			AwakeInstancesAfterBackupRestoration (5ms)
Platform modules already initialized, skipping
========================================================================
Worker process is ready to serve import requests
Launched and connected shader compiler UnityShaderCompiler.exe after 0.04 seconds
Refreshing native plugins compatible for Editor in 0.80 ms, found 4 plugins.
Preloading 0 native plugins for Editor in 0.00 ms.
Unloading 4225 Unused Serialized files (Serialized files now loaded: 0)
Unloading 50 unused Assets / (129.0 KB). Loaded Objects now: 4683.
Memory consumption went from 161.3 MB to 161.1 MB.
Total: 3.368500 ms (FindLiveObjects: 0.298400 ms CreateObjectMapping: 0.211400 ms MarkObjects: 2.758500 ms  DeleteObjects: 0.099500 ms)

AssetImportParameters requested are different than current active one (requested -> active):
  custom:video-decoder-ogg-theora: a1e56fd34408186e4bbccfd4996cb3dc -> 
  custom:container-muxer-webm: aa71ff27fc2769a1b78a27578f13a17b -> 
  custom:container-demuxer-webm: 4f35f7cbe854078d1ac9338744f61a02 -> 
  custom:video-encoder-webm-vp8: eb34c28f22e8b96e1ab97ce403110664 -> 
  custom:audio-encoder-webm-vorbis: bf7c407c2cedff20999df2af8eb42d56 -> 
  custom:framework-win-MediaFoundation: 216162199b28c13a410421893ffa2e32 -> 
  custom:container-demuxer-ogg: 62fdf1f143b41e24485cea50d1cbac27 -> 
  custom:video-decoder-webm-vp8: 9c59270c3fd7afecdb556c50c9e8de78 -> 
  custom:audio-decoder-ogg-vorbis: bf7c407c2cedff20999df2af8eb42d56 -> 
========================================================================
Received Import Request.
  Time since last request: 1035902.802414 seconds.
  path: Assets/_Project/Sprites/Scenery/Palettes/Interiors_free_32x32_11.asset
  artifactKey: Guid(4490b3391b10ea14da5c7ef0c55dbdd8) Importer(815301076,1909f56bfc062723c751e8b465ee728b)
Start importing Assets/_Project/Sprites/Scenery/Palettes/Interiors_free_32x32_11.asset using Guid(4490b3391b10ea14da5c7ef0c55dbdd8) Importer(815301076,1909f56bfc062723c751e8b465ee728b)  -> (artifact id: 'c0af278c93145dedd94d432a4c3b2ef2') in 0.068427 seconds 
========================================================================
Received Import Request.
  Time since last request: 0.000018 seconds.
  path: Assets/_Project/Sprites/Scenery/Palettes/Interiors_free_32x32_8.asset
  artifactKey: Guid(00d72b5e515ce6a4c890b80c7b0ddde3) Importer(815301076,1909f56bfc062723c751e8b465ee728b)
Start importing Assets/_Project/Sprites/Scenery/Palettes/Interiors_free_32x32_8.asset using Guid(00d72b5e515ce6a4c890b80c7b0ddde3) Importer(815301076,1909f56bfc062723c751e8b465ee728b)  -> (artifact id: '2a4a28a0603c5347aa5c563b0d471b55') in 0.013489 seconds 
========================================================================
Received Import Request.
  Time since last request: 0.000025 seconds.
  path: Assets/_Project/Sprites/Scenery/Palettes/Interiors_free_32x32_15.asset
  artifactKey: Guid(4da320264ec4bdb48b6d38650b559dc0) Importer(815301076,1909f56bfc062723c751e8b465ee728b)
Start importing Assets/_Project/Sprites/Scenery/Palettes/Interiors_free_32x32_15.asset using Guid(4da320264ec4bdb48b6d38650b559dc0) Importer(815301076,1909f56bfc062723c751e8b465ee728b)  -> (artifact id: '8a51af0401fb24c7ae022de64251c45e') in 0.011552 seconds 
========================================================================
Received Import Request.
  Time since last request: 0.000031 seconds.
  path: Assets/_Project/Sprites/Scenery/Palettes/Interiors_free_32x32_19.asset
  artifactKey: Guid(6bef113dc930076479a6f124f6bb743e) Importer(815301076,1909f56bfc062723c751e8b465ee728b)
Start importing Assets/_Project/Sprites/Scenery/Palettes/Interiors_free_32x32_19.asset using Guid(6bef113dc930076479a6f124f6bb743e) Importer(815301076,1909f56bfc062723c751e8b465ee728b)  -> (artifact id: '4fd4b351f7bc761effec432f1b6147bd') in 0.010998 seconds 
========================================================================
Received Import Request.
  Time since last request: 0.000016 seconds.
  path: Assets/_Project/Sprites/Scenery/Palettes/Interiors_free_32x32_3.asset
  artifactKey: Guid(ef82b764303508847859fd794b476beb) Importer(815301076,1909f56bfc062723c751e8b465ee728b)
Start importing Assets/_Project/Sprites/Scenery/Palettes/Interiors_free_32x32_3.asset using Guid(ef82b764303508847859fd794b476beb) Importer(815301076,1909f56bfc062723c751e8b465ee728b)  -> (artifact id: 'c1f1ce844f997935a915fe44394444f5') in 0.012530 seconds 
========================================================================
Received Import Request.
  Time since last request: 0.000016 seconds.
  path: Assets/_Project/Sprites/Scenery/Decorations (32x32)_0.asset
  artifactKey: Guid(08b9c2eefbd4de14aa5a6549d5426318) Importer(815301076,1909f56bfc062723c751e8b465ee728b)
Start importing Assets/_Project/Sprites/Scenery/Decorations (32x32)_0.asset using Guid(08b9c2eefbd4de14aa5a6549d5426318) Importer(815301076,1909f56bfc062723c751e8b465ee728b)  -> (artifact id: 'cf5164add71b0ce0ec40c11225808f12') in 0.011458 seconds 
========================================================================
Received Import Request.
  Time since last request: 0.000014 seconds.
  path: Assets/_Project/Sprites/Scenery/Palettes/Interiors_free_32x32_14.asset
  artifactKey: Guid(6c82c382a04106d49ab4ed4d0dec532c) Importer(815301076,1909f56bfc062723c751e8b465ee728b)
Start importing Assets/_Project/Sprites/Scenery/Palettes/Interiors_free_32x32_14.asset using Guid(6c82c382a04106d49ab4ed4d0dec532c) Importer(815301076,1909f56bfc062723c751e8b465ee728b)  -> (artifact id: '412f1b7aadf8a48f62e8c0d692a1eb8b') in 0.010587 seconds 
========================================================================
Received Import Request.
  Time since last request: 0.000014 seconds.
  path: Assets/_Project/Sprites/Scenery/Palettes/Interiors_free_32x32_2.asset
  artifactKey: Guid(c505b4155e815064e8da97ff0ffbdb37) Importer(815301076,1909f56bfc062723c751e8b465ee728b)
Start importing Assets/_Project/Sprites/Scenery/Palettes/Interiors_free_32x32_2.asset using Guid(c505b4155e815064e8da97ff0ffbdb37) Importer(815301076,1909f56bfc062723c751e8b465ee728b)  -> (artifact id: '9adb2f94d74ff0e19b340f0e257a1745') in 0.010918 seconds 
========================================================================
Received Import Request.
  Time since last request: 0.000018 seconds.
  path: Assets/_Project/Sprites/Scenery/Decoration.prefab
  artifactKey: Guid(72ee8af4c9b832b41a8380237f4cdd71) Importer(815301076,1909f56bfc062723c751e8b465ee728b)
Start importing Assets/_Project/Sprites/Scenery/Decoration.prefab using Guid(72ee8af4c9b832b41a8380237f4cdd71) Importer(815301076,1909f56bfc062723c751e8b465ee728b)  -> (artifact id: 'f6e54003ae4b5ca049cc7457aa6f6a3d') in 0.061787 seconds 
========================================================================
Received Import Request.
  Time since last request: 0.000020 seconds.
  path: Assets/_Project/Sprites/Scenery/Palettes/Interiors_free_32x32_0.asset
  artifactKey: Guid(e5aeb7278ba5a2c42be130c512f54405) Importer(815301076,1909f56bfc062723c751e8b465ee728b)
Start importing Assets/_Project/Sprites/Scenery/Palettes/Interiors_free_32x32_0.asset using Guid(e5aeb7278ba5a2c42be130c512f54405) Importer(815301076,1909f56bfc062723c751e8b465ee728b)  -> (artifact id: '466fd8d27f6b4dd361c5822b015d2468') in 0.011944 seconds 
========================================================================
Received Import Request.
  Time since last request: 0.000017 seconds.
  path: Assets/_Project/Sprites/Scenery/Decorations (32x32)_4.asset
  artifactKey: Guid(5ee9391fafb66644c889cdfc96fa202d) Importer(815301076,1909f56bfc062723c751e8b465ee728b)
Start importing Assets/_Project/Sprites/Scenery/Decorations (32x32)_4.asset using Guid(5ee9391fafb66644c889cdfc96fa202d) Importer(815301076,1909f56bfc062723c751e8b465ee728b)  -> (artifact id: 'fa27188f38313db1b2690d3140131e95') in 0.011389 seconds 
========================================================================
Received Import Request.
  Time since last request: 0.000016 seconds.
  path: Assets/_Project/Sprites/Scenery/Palettes/BuildingPalette.prefab
  artifactKey: Guid(40a1edeba56e4fd41b6cb1c146d9cd96) Importer(815301076,1909f56bfc062723c751e8b465ee728b)
Start importing Assets/_Project/Sprites/Scenery/Palettes/BuildingPalette.prefab using Guid(40a1edeba56e4fd41b6cb1c146d9cd96) Importer(815301076,1909f56bfc062723c751e8b465ee728b)  -> (artifact id: 'f0055413f4bf211640c5c0a84a49e366') in 0.072592 seconds 
========================================================================
Received Import Request.
  Time since last request: 0.000027 seconds.
  path: Assets/_Project/Sprites/Scenery/Palettes/Interiors_free_32x32_4.asset
  artifactKey: Guid(d9fa11b0fdfc96547973e06ad99df7cf) Importer(815301076,1909f56bfc062723c751e8b465ee728b)
Start importing Assets/_Project/Sprites/Scenery/Palettes/Interiors_free_32x32_4.asset using Guid(d9fa11b0fdfc96547973e06ad99df7cf) Importer(815301076,1909f56bfc062723c751e8b465ee728b)  -> (artifact id: '07de3f8ce3c92f22928da88b5f0b1db0') in 0.010848 seconds 
========================================================================
Received Import Request.
  Time since last request: 0.000019 seconds.
  path: Assets/_Project/Sprites/Scenery/Palettes/Interiors_free_32x32_6.asset
  artifactKey: Guid(af285c6435aa99d4e979df54796bcfe7) Importer(815301076,1909f56bfc062723c751e8b465ee728b)
Start importing Assets/_Project/Sprites/Scenery/Palettes/Interiors_free_32x32_6.asset using Guid(af285c6435aa99d4e979df54796bcfe7) Importer(815301076,1909f56bfc062723c751e8b465ee728b)  -> (artifact id: '05c6947f826b164f9bd5d77c6014307f') in 0.010141 seconds 
========================================================================
Received Import Request.
  Time since last request: 0.000021 seconds.
  path: Assets/_Project/Sprites/Scenery/Palettes
  artifactKey: Guid(83ae7b59258fb9448973146c5683d59f) Importer(815301076,1909f56bfc062723c751e8b465ee728b)
Start importing Assets/_Project/Sprites/Scenery/Palettes using Guid(83ae7b59258fb9448973146c5683d59f) Importer(815301076,1909f56bfc062723c751e8b465ee728b)  -> (artifact id: '4aa86e30e9d685fdbd0a9c48d616ca80') in 0.007428 seconds 
========================================================================
Received Import Request.
  Time since last request: 0.000024 seconds.
  path: Assets/_Project/Sprites/Scenery/Palettes/Interiors_free_32x32_9.asset
  artifactKey: Guid(3640cff5b163f484491742c7878dd9e9) Importer(815301076,1909f56bfc062723c751e8b465ee728b)
Start importing Assets/_Project/Sprites/Scenery/Palettes/Interiors_free_32x32_9.asset using Guid(3640cff5b163f484491742c7878dd9e9) Importer(815301076,1909f56bfc062723c751e8b465ee728b)  -> (artifact id: '89577479aeb67c8aa2569d58b3ed8a45') in 0.011065 seconds 
========================================================================
Received Import Request.
  Time since last request: 0.000019 seconds.
  path: Assets/_Project/Sprites/Scenery/Decorations (32x32).png
  artifactKey: Guid(a238ff9fe750eb54e97aec40c9cc64b2) Importer(815301076,1909f56bfc062723c751e8b465ee728b)
Start importing Assets/_Project/Sprites/Scenery/Decorations (32x32).png using Guid(a238ff9fe750eb54e97aec40c9cc64b2) Importer(815301076,1909f56bfc062723c751e8b465ee728b)  -> (artifact id: 'efe5185182492d217fef92a10c5f610d') in 0.104854 seconds 
========================================================================
Received Import Request.
  Time since last request: 0.000019 seconds.
  path: Assets/_Project/Sprites/Scenery/Palettes/Interiors_free_32x32_16.asset
  artifactKey: Guid(148070e748e7cc040935785515aca0d7) Importer(815301076,1909f56bfc062723c751e8b465ee728b)
Start importing Assets/_Project/Sprites/Scenery/Palettes/Interiors_free_32x32_16.asset using Guid(148070e748e7cc040935785515aca0d7) Importer(815301076,1909f56bfc062723c751e8b465ee728b)  -> (artifact id: '68dd20423616402b6fa7c4396f32b6db') in 0.010763 seconds 
========================================================================
Received Import Request.
  Time since last request: 0.000019 seconds.
  path: Assets/_Project/Sprites/Scenery/Palettes/Interiors_free_32x32_18.asset
  artifactKey: Guid(0f7ee34afebc37c448b94b6b59e5f501) Importer(815301076,1909f56bfc062723c751e8b465ee728b)
Start importing Assets/_Project/Sprites/Scenery/Palettes/Interiors_free_32x32_18.asset using Guid(0f7ee34afebc37c448b94b6b59e5f501) Importer(815301076,1909f56bfc062723c751e8b465ee728b)  -> (artifact id: '6e870399f2d289bfe146d332fe133049') in 0.010538 seconds 
========================================================================
Received Import Request.
  Time since last request: 0.000025 seconds.
  path: Assets/_Project/Sprites/Scenery/Palettes/Interiors_free_32x32_12.asset
  artifactKey: Guid(5b3210c088e4703479a9ebceb5635f97) Importer(815301076,1909f56bfc062723c751e8b465ee728b)
Start importing Assets/_Project/Sprites/Scenery/Palettes/Interiors_free_32x32_12.asset using Guid(5b3210c088e4703479a9ebceb5635f97) Importer(815301076,1909f56bfc062723c751e8b465ee728b)  -> (artifact id: '43f77933658c5de61e16cf350733acf1') in 0.010511 seconds 
========================================================================
Received Import Request.
  Time since last request: 0.000025 seconds.
  path: Assets/_Project/Sprites/Scenery/Palettes/Interiors_free_32x32_13.asset
  artifactKey: Guid(8a1feaf7b7a9aeb41aba5fb46582d8c2) Importer(815301076,1909f56bfc062723c751e8b465ee728b)
Start importing Assets/_Project/Sprites/Scenery/Palettes/Interiors_free_32x32_13.asset using Guid(8a1feaf7b7a9aeb41aba5fb46582d8c2) Importer(815301076,1909f56bfc062723c751e8b465ee728b)  -> (artifact id: 'f85ec2ff9586f55ecfc3808249af0a1f') in 0.010867 seconds 
========================================================================
Received Import Request.
  Time since last request: 0.000018 seconds.
  path: Assets/_Project/Sprites/Scenery/Palettes/DecorationPalette.prefab
  artifactKey: Guid(a865d2204909f914da77618f98a3c79a) Importer(815301076,1909f56bfc062723c751e8b465ee728b)
Start importing Assets/_Project/Sprites/Scenery/Palettes/DecorationPalette.prefab using Guid(a865d2204909f914da77618f98a3c79a) Importer(815301076,1909f56bfc062723c751e8b465ee728b)  -> (artifact id: 'aeb4b49a6d8d806ef3dcb4b652a138bf') in 0.311239 seconds 
========================================================================
Received Import Request.
  Time since last request: 0.000027 seconds.
  path: Assets/_Project/Sprites/Scenery/Palettes/Interiors_free_32x32_17.asset
  artifactKey: Guid(5f5e85916394d7e47a42ce48a071c6b1) Importer(815301076,1909f56bfc062723c751e8b465ee728b)
Start importing Assets/_Project/Sprites/Scenery/Palettes/Interiors_free_32x32_17.asset using Guid(5f5e85916394d7e47a42ce48a071c6b1) Importer(815301076,1909f56bfc062723c751e8b465ee728b)  -> (artifact id: '531bc350c730229785f977f139dcd03b') in 0.010856 seconds 
========================================================================
Received Import Request.
  Time since last request: 0.000020 seconds.
  path: Assets/_Project/Sprites/Scenery/Decorations (32x32)_2.asset
  artifactKey: Guid(9d8ef992d8098bf41a43a75494932a49) Importer(815301076,1909f56bfc062723c751e8b465ee728b)
Start importing Assets/_Project/Sprites/Scenery/Decorations (32x32)_2.asset using Guid(9d8ef992d8098bf41a43a75494932a49) Importer(815301076,1909f56bfc062723c751e8b465ee728b)  -> (artifact id: '6c16ad6a3ce2565a002adbb311475155') in 0.010955 seconds 
========================================================================
Received Import Request.
  Time since last request: 0.000035 seconds.
  path: Assets/_Project/Sprites/Scenery/Palettes/Interiors_free_32x32_20.asset
  artifactKey: Guid(90b32dd82af3b194b8c6b91b9ec07c7b) Importer(815301076,1909f56bfc062723c751e8b465ee728b)
Start importing Assets/_Project/Sprites/Scenery/Palettes/Interiors_free_32x32_20.asset using Guid(90b32dd82af3b194b8c6b91b9ec07c7b) Importer(815301076,1909f56bfc062723c751e8b465ee728b)  -> (artifact id: 'b1e7a1ece6eed5064f142fad3270d138') in 0.018114 seconds 
========================================================================
Received Import Request.
  Time since last request: 0.000022 seconds.
  path: Assets/_Project/Sprites/Scenery/Decorations (32x32)_3.asset
  artifactKey: Guid(9ded25577072b984da6cb10abeabaedf) Importer(815301076,1909f56bfc062723c751e8b465ee728b)
Start importing Assets/_Project/Sprites/Scenery/Decorations (32x32)_3.asset using Guid(9ded25577072b984da6cb10abeabaedf) Importer(815301076,1909f56bfc062723c751e8b465ee728b)  -> (artifact id: 'b6e8c136e14a9a726086a60b01d0ab6b') in 0.016439 seconds 
========================================================================
Received Import Request.
  Time since last request: 0.000016 seconds.
  path: Assets/_Project/Sprites/Scenery/Palettes/Interiors_free_32x32_1.asset
  artifactKey: Guid(b6e9231fcfd5b75448a38ca57955d0b2) Importer(815301076,1909f56bfc062723c751e8b465ee728b)
Start importing Assets/_Project/Sprites/Scenery/Palettes/Interiors_free_32x32_1.asset using Guid(b6e9231fcfd5b75448a38ca57955d0b2) Importer(815301076,1909f56bfc062723c751e8b465ee728b)  -> (artifact id: '5651d2afe60118a3663295607aa51d78') in 0.011321 seconds 
========================================================================
Received Import Request.
  Time since last request: 0.000044 seconds.
  path: Assets/_Project/Sprites/Scenery/Palettes/Interiors_free_32x32_7.asset
  artifactKey: Guid(6d83822858a2f9640837642bd1ca7625) Importer(815301076,1909f56bfc062723c751e8b465ee728b)
Start importing Assets/_Project/Sprites/Scenery/Palettes/Interiors_free_32x32_7.asset using Guid(6d83822858a2f9640837642bd1ca7625) Importer(815301076,1909f56bfc062723c751e8b465ee728b)  -> (artifact id: '8ba19b198ed471e6736431283e4d2f5d') in 0.010619 seconds 
========================================================================
Received Import Request.
  Time since last request: 0.000020 seconds.
  path: Assets/_Project/Sprites/Scenery/Decorations (32x32)_1.asset
  artifactKey: Guid(b1d700d510d363843a79fd09448415f7) Importer(815301076,1909f56bfc062723c751e8b465ee728b)
Start importing Assets/_Project/Sprites/Scenery/Decorations (32x32)_1.asset using Guid(b1d700d510d363843a79fd09448415f7) Importer(815301076,1909f56bfc062723c751e8b465ee728b)  -> (artifact id: '37e09b59cd0688335254eee6b2498285') in 0.010352 seconds 
========================================================================
Received Import Request.
  Time since last request: 0.000019 seconds.
  path: Assets/_Project/Sprites/Scenery/Palettes/Interiors_free_32x32_5.asset
  artifactKey: Guid(b07741bbb067d6441887d67121f9e8bd) Importer(815301076,1909f56bfc062723c751e8b465ee728b)
Start importing Assets/_Project/Sprites/Scenery/Palettes/Interiors_free_32x32_5.asset using Guid(b07741bbb067d6441887d67121f9e8bd) Importer(815301076,1909f56bfc062723c751e8b465ee728b)  -> (artifact id: 'd7290ca554d208462fee0fc90331cbba') in 0.010277 seconds 
========================================================================
Received Import Request.
  Time since last request: 0.000017 seconds.
  path: Assets/_Project/Sprites/Scenery/Palettes/Interiors_free_32x32_10.asset
  artifactKey: Guid(af79c8926e6238f42b7c3e30bd2275c7) Importer(815301076,1909f56bfc062723c751e8b465ee728b)
Start importing Assets/_Project/Sprites/Scenery/Palettes/Interiors_free_32x32_10.asset using Guid(af79c8926e6238f42b7c3e30bd2275c7) Importer(815301076,1909f56bfc062723c751e8b465ee728b)  -> (artifact id: '328033cc74f04d57930dae492e8f0908') in 0.010218 seconds 
========================================================================
Received Import Request.
  Time since last request: 1.627480 seconds.
  path: Assets/_Project/Sprites/Scenery/Palettes/Interiors_free_32x32_21.asset
  artifactKey: Guid(5380bd53e37e67f4383f4d11ac94e713) Importer(815301076,1909f56bfc062723c751e8b465ee728b)
Start importing Assets/_Project/Sprites/Scenery/Palettes/Interiors_free_32x32_21.asset using Guid(5380bd53e37e67f4383f4d11ac94e713) Importer(815301076,1909f56bfc062723c751e8b465ee728b)  -> (artifact id: '7e0b40233e7bca105281079f17f39dfc') in 0.013586 seconds 
========================================================================
Received Import Request.
  Time since last request: 0.000019 seconds.
  path: Assets/_Project/Sprites/Scenery/Palettes/Interiors_free_32x32_22.asset
  artifactKey: Guid(07d21fb330a1ca94faa8c7091bd3143a) Importer(815301076,1909f56bfc062723c751e8b465ee728b)
Start importing Assets/_Project/Sprites/Scenery/Palettes/Interiors_free_32x32_22.asset using Guid(07d21fb330a1ca94faa8c7091bd3143a) Importer(815301076,1909f56bfc062723c751e8b465ee728b)  -> (artifact id: '4ed3fcf05ee78149d2d8d14e3f992a39') in 0.012561 seconds 
========================================================================
Received Import Request.
  Time since last request: 0.000014 seconds.
  path: Assets/_Project/Sprites/Scenery/Palettes/Interiors_free_32x32_24.asset
  artifactKey: Guid(df5844669e70dee4293b4f07e554ce99) Importer(815301076,1909f56bfc062723c751e8b465ee728b)
Start importing Assets/_Project/Sprites/Scenery/Palettes/Interiors_free_32x32_24.asset using Guid(df5844669e70dee4293b4f07e554ce99) Importer(815301076,1909f56bfc062723c751e8b465ee728b)  -> (artifact id: '0509ce9af5d28c141b001ea9dbf7954a') in 0.012825 seconds 
========================================================================
Received Import Request.
  Time since last request: 0.000016 seconds.
  path: Assets/_Project/Sprites/Scenery/Palettes/Interiors_free_32x32_28.asset
  artifactKey: Guid(1543acc2cd4a4464987b139c6d3dcf9f) Importer(815301076,1909f56bfc062723c751e8b465ee728b)
Start importing Assets/_Project/Sprites/Scenery/Palettes/Interiors_free_32x32_28.asset using Guid(1543acc2cd4a4464987b139c6d3dcf9f) Importer(815301076,1909f56bfc062723c751e8b465ee728b)  -> (artifact id: 'ea16a121097881a29e409ef81bc6cabd') in 0.011505 seconds 
========================================================================
Received Import Request.
  Time since last request: 0.000016 seconds.
  path: Assets/_Project/Sprites/Scenery/Palettes/Interiors_free_32x32_30.asset
  artifactKey: Guid(67e0b9a05fdcc8448b47607af43b1d06) Importer(815301076,1909f56bfc062723c751e8b465ee728b)
Start importing Assets/_Project/Sprites/Scenery/Palettes/Interiors_free_32x32_30.asset using Guid(67e0b9a05fdcc8448b47607af43b1d06) Importer(815301076,1909f56bfc062723c751e8b465ee728b)  -> (artifact id: '68e2d93633dbd404d77a2452f66dbc5d') in 0.011501 seconds 
========================================================================
Received Import Request.
  Time since last request: 0.000023 seconds.
  path: Assets/_Project/Sprites/Scenery/Palettes/Interiors_free_32x32_29.asset
  artifactKey: Guid(89cc2b563c353a84fa5a7097b048a2ef) Importer(815301076,1909f56bfc062723c751e8b465ee728b)
Start importing Assets/_Project/Sprites/Scenery/Palettes/Interiors_free_32x32_29.asset using Guid(89cc2b563c353a84fa5a7097b048a2ef) Importer(815301076,1909f56bfc062723c751e8b465ee728b)  -> (artifact id: '68856293607fcd5d9da55b21f75c2e9e') in 0.012508 seconds 
========================================================================
Received Import Request.
  Time since last request: 0.000021 seconds.
  path: Assets/_Project/Sprites/Scenery/Palettes/Interiors_free_32x32_23.asset
  artifactKey: Guid(e27354392587c7e449d7a99cc7234b73) Importer(815301076,1909f56bfc062723c751e8b465ee728b)
Start importing Assets/_Project/Sprites/Scenery/Palettes/Interiors_free_32x32_23.asset using Guid(e27354392587c7e449d7a99cc7234b73) Importer(815301076,1909f56bfc062723c751e8b465ee728b)  -> (artifact id: 'd0eae95f67126084107426e232f515b1') in 0.011960 seconds 
========================================================================
Received Import Request.
  Time since last request: 0.000021 seconds.
  path: Assets/_Project/Sprites/Scenery/Palettes/Interiors_free_32x32_25.asset
  artifactKey: Guid(899faf7ba13b71a469d447a83d935e86) Importer(815301076,1909f56bfc062723c751e8b465ee728b)
Start importing Assets/_Project/Sprites/Scenery/Palettes/Interiors_free_32x32_25.asset using Guid(899faf7ba13b71a469d447a83d935e86) Importer(815301076,1909f56bfc062723c751e8b465ee728b)  -> (artifact id: '7a8f86c3cbd12fd31f122e22c25041a8') in 0.010361 seconds 
========================================================================
Received Import Request.
  Time since last request: 0.000019 seconds.
  path: Assets/_Project/Sprites/Scenery/Palettes/Interiors_free_32x32_27.asset
  artifactKey: Guid(60f221c68a2d5b54aa3f01411823801c) Importer(815301076,1909f56bfc062723c751e8b465ee728b)
Start importing Assets/_Project/Sprites/Scenery/Palettes/Interiors_free_32x32_27.asset using Guid(60f221c68a2d5b54aa3f01411823801c) Importer(815301076,1909f56bfc062723c751e8b465ee728b)  -> (artifact id: '593e44daa24b9f5b99b2fdbef550753c') in 0.010563 seconds 
========================================================================
Received Import Request.
  Time since last request: 0.000019 seconds.
  path: Assets/_Project/Sprites/Scenery/Palettes/Interiors_free_32x32_26.asset
  artifactKey: Guid(f6354a88e90a83c449e362fecd7b9f25) Importer(815301076,1909f56bfc062723c751e8b465ee728b)
Start importing Assets/_Project/Sprites/Scenery/Palettes/Interiors_free_32x32_26.asset using Guid(f6354a88e90a83c449e362fecd7b9f25) Importer(815301076,1909f56bfc062723c751e8b465ee728b)  -> (artifact id: 'f069ff3af2dcc9095885a07272949938') in 0.011584 seconds 
